mode: atomic
github.com/romdj/password-generator/config.go:25.29,37.2 1 7
github.com/romdj/password-generator/config.go:39.35,49.50 3 2
github.com/romdj/password-generator/config.go:49.50,56.3 1 2
github.com/romdj/password-generator/config.go:58.2,58.35 1 2
github.com/romdj/password-generator/config.go:58.35,59.59 1 7
github.com/romdj/password-generator/config.go:59.59,60.9 1 1
github.com/romdj/password-generator/config.go:65.2,67.20 2 2
github.com/romdj/password-generator/config.go:70.60,72.16 2 9
github.com/romdj/password-generator/config.go:72.16,74.3 1 7
github.com/romdj/password-generator/config.go:76.2,76.37 1 2
github.com/romdj/password-generator/config.go:79.40,80.49 1 4
github.com/romdj/password-generator/config.go:80.49,81.51 1 2
github.com/romdj/password-generator/config.go:81.51,83.4 1 2
github.com/romdj/password-generator/config.go:86.2,86.56 1 4
github.com/romdj/password-generator/config.go:86.56,88.3 1 1
github.com/romdj/password-generator/config.go:90.2,90.56 1 4
github.com/romdj/password-generator/config.go:90.56,92.3 1 1
github.com/romdj/password-generator/config.go:94.2,94.57 1 4
github.com/romdj/password-generator/config.go:94.57,96.3 1 1
github.com/romdj/password-generator/config.go:98.2,98.58 1 4
github.com/romdj/password-generator/config.go:98.58,100.3 1 2
github.com/romdj/password-generator/config.go:102.2,102.60 1 4
github.com/romdj/password-generator/config.go:102.60,104.3 1 1
github.com/romdj/password-generator/config.go:106.2,106.48 1 4
github.com/romdj/password-generator/config.go:106.48,107.50 1 1
github.com/romdj/password-generator/config.go:107.50,109.4 1 1
github.com/romdj/password-generator/config.go:112.2,112.56 1 4
github.com/romdj/password-generator/config.go:112.56,114.3 1 2
github.com/romdj/password-generator/config.go:116.2,116.58 1 4
github.com/romdj/password-generator/config.go:116.58,118.3 1 1
github.com/romdj/password-generator/config.go:121.52,122.30 1 18
github.com/romdj/password-generator/config.go:123.53,124.14 1 10
github.com/romdj/password-generator/config.go:125.56,126.15 1 6
github.com/romdj/password-generator/config.go:127.10,128.22 1 2
github.com/romdj/password-generator/config.go:132.51,141.2 1 1
github.com/romdj/password-generator/config.go:143.43,157.16 3 3
github.com/romdj/password-generator/config.go:157.16,159.3 1 0
github.com/romdj/password-generator/config.go:162.2,172.50 3 3
github.com/romdj/password-generator/main.go:30.13,33.16 2 0
github.com/romdj/password-generator/main.go:33.16,36.3 2 0
github.com/romdj/password-generator/main.go:39.2,72.19 27 0
github.com/romdj/password-generator/main.go:72.19,74.39 2 0
github.com/romdj/password-generator/main.go:74.39,77.4 2 0
github.com/romdj/password-generator/main.go:78.3,78.9 1 0
github.com/romdj/password-generator/main.go:81.2,81.23 1 0
github.com/romdj/password-generator/main.go:81.23,82.56 1 0
github.com/romdj/password-generator/main.go:82.56,85.4 2 0
github.com/romdj/password-generator/main.go:86.3,87.9 2 0
github.com/romdj/password-generator/main.go:90.2,90.25 1 0
github.com/romdj/password-generator/main.go:90.25,91.27 1 0
github.com/romdj/password-generator/main.go:91.27,94.4 2 0
github.com/romdj/password-generator/main.go:96.3,97.17 2 0
github.com/romdj/password-generator/main.go:97.17,100.4 2 0
github.com/romdj/password-generator/main.go:102.3,103.27 2 0
github.com/romdj/password-generator/main.go:103.27,105.4 1 0
github.com/romdj/password-generator/main.go:105.9,107.41 2 0
github.com/romdj/password-generator/main.go:107.41,109.5 1 0
github.com/romdj/password-generator/main.go:111.3,111.9 1 0
github.com/romdj/password-generator/main.go:115.2,116.26 2 0
github.com/romdj/password-generator/main.go:116.26,118.17 2 0
github.com/romdj/password-generator/main.go:118.17,122.4 3 0
github.com/romdj/password-generator/main.go:123.3,124.39 2 0
github.com/romdj/password-generator/main.go:128.2,128.26 1 0
github.com/romdj/password-generator/main.go:128.26,130.3 1 0
github.com/romdj/password-generator/main.go:132.2,132.47 1 0
github.com/romdj/password-generator/main.go:132.47,135.3 2 0
github.com/romdj/password-generator/main.go:137.2,137.29 1 0
github.com/romdj/password-generator/main.go:137.29,139.17 2 0
github.com/romdj/password-generator/main.go:139.17,141.4 1 0
github.com/romdj/password-generator/main.go:143.3,146.19 2 0
github.com/romdj/password-generator/main.go:146.19,156.34 3 0
github.com/romdj/password-generator/main.go:156.34,158.5 1 0
github.com/romdj/password-generator/main.go:162.3,162.27 1 0
github.com/romdj/password-generator/main.go:162.27,164.27 2 0
github.com/romdj/password-generator/main.go:164.27,166.21 2 0
github.com/romdj/password-generator/main.go:166.21,168.43 2 0
github.com/romdj/password-generator/main.go:168.43,170.7 1 0
github.com/romdj/password-generator/main.go:175.3,175.16 1 0
github.com/romdj/password-generator/main.go:179.50,180.23 1 3
github.com/romdj/password-generator/main.go:180.23,182.3 1 1
github.com/romdj/password-generator/main.go:184.2,184.101 1 2
github.com/romdj/password-generator/main.go:184.101,186.3 1 1
github.com/romdj/password-generator/main.go:188.2,188.12 1 1
github.com/romdj/password-generator/main.go:191.62,194.23 2 7
github.com/romdj/password-generator/main.go:194.23,196.3 1 1
github.com/romdj/password-generator/main.go:198.2,200.37 2 6
github.com/romdj/password-generator/main.go:200.37,202.17 2 137
github.com/romdj/password-generator/main.go:202.17,204.4 1 0
github.com/romdj/password-generator/main.go:205.3,205.45 1 137
github.com/romdj/password-generator/main.go:208.2,208.30 1 6
github.com/romdj/password-generator/main.go:211.49,214.25 2 10
github.com/romdj/password-generator/main.go:214.25,216.3 1 6
github.com/romdj/password-generator/main.go:218.2,218.25 1 10
github.com/romdj/password-generator/main.go:218.25,220.3 1 6
github.com/romdj/password-generator/main.go:222.2,222.26 1 10
github.com/romdj/password-generator/main.go:222.26,224.3 1 5
github.com/romdj/password-generator/main.go:226.2,226.27 1 10
github.com/romdj/password-generator/main.go:226.27,228.3 1 3
github.com/romdj/password-generator/main.go:230.2,232.29 2 10
github.com/romdj/password-generator/main.go:232.29,233.34 1 2
github.com/romdj/password-generator/main.go:233.34,235.4 1 10
github.com/romdj/password-generator/main.go:238.2,238.15 1 10
github.com/romdj/password-generator/policy.go:147.53,148.53 1 7
github.com/romdj/password-generator/policy.go:148.53,150.3 1 6
github.com/romdj/password-generator/policy.go:151.2,151.68 1 1
github.com/romdj/password-generator/policy.go:154.30,156.36 2 1
github.com/romdj/password-generator/policy.go:156.36,158.3 1 6
github.com/romdj/password-generator/policy.go:159.2,159.17 1 1
github.com/romdj/password-generator/policy.go:162.94,166.38 2 10
github.com/romdj/password-generator/policy.go:166.38,171.3 1 3
github.com/romdj/password-generator/policy.go:173.2,173.62 1 10
github.com/romdj/password-generator/policy.go:173.62,178.3 1 1
github.com/romdj/password-generator/policy.go:181.2,186.44 5 10
github.com/romdj/password-generator/policy.go:186.44,191.3 1 2
github.com/romdj/password-generator/policy.go:193.2,193.44 1 10
github.com/romdj/password-generator/policy.go:193.44,198.3 1 1
github.com/romdj/password-generator/policy.go:200.2,200.45 1 10
github.com/romdj/password-generator/policy.go:200.45,205.3 1 2
github.com/romdj/password-generator/policy.go:207.2,207.47 1 10
github.com/romdj/password-generator/policy.go:207.47,212.3 1 2
github.com/romdj/password-generator/policy.go:215.2,215.34 1 10
github.com/romdj/password-generator/policy.go:215.34,220.3 1 3
github.com/romdj/password-generator/policy.go:222.2,222.34 1 10
github.com/romdj/password-generator/policy.go:222.34,227.3 1 1
github.com/romdj/password-generator/policy.go:229.2,229.35 1 10
github.com/romdj/password-generator/policy.go:229.35,234.3 1 2
github.com/romdj/password-generator/policy.go:236.2,236.37 1 10
github.com/romdj/password-generator/policy.go:236.37,241.3 1 2
github.com/romdj/password-generator/policy.go:244.2,244.29 1 10
github.com/romdj/password-generator/policy.go:244.29,246.34 2 7
github.com/romdj/password-generator/policy.go:246.34,247.44 1 24
github.com/romdj/password-generator/policy.go:247.44,252.10 2 5
github.com/romdj/password-generator/policy.go:258.2,258.33 1 10
github.com/romdj/password-generator/policy.go:258.33,259.46 1 5
github.com/romdj/password-generator/policy.go:259.46,260.44 1 15
github.com/romdj/password-generator/policy.go:260.44,265.5 1 2
github.com/romdj/password-generator/policy.go:270.2,271.51 2 10
github.com/romdj/password-generator/policy.go:271.51,272.56 1 26
github.com/romdj/password-generator/policy.go:272.56,277.4 1 1
github.com/romdj/password-generator/policy.go:281.2,281.27 1 10
github.com/romdj/password-generator/policy.go:281.27,283.34 2 10
github.com/romdj/password-generator/policy.go:283.34,288.4 1 5
github.com/romdj/password-generator/policy.go:291.2,291.19 1 10
github.com/romdj/password-generator/policy.go:294.45,298.2 3 40
github.com/romdj/password-generator/policy.go:300.73,302.38 1 6
github.com/romdj/password-generator/policy.go:302.38,304.3 1 2
github.com/romdj/password-generator/policy.go:306.2,306.62 1 6
github.com/romdj/password-generator/policy.go:306.62,308.3 1 1
github.com/romdj/password-generator/policy.go:311.2,311.25 1 6
github.com/romdj/password-generator/policy.go:311.25,313.3 1 2
github.com/romdj/password-generator/policy.go:315.2,315.25 1 6
github.com/romdj/password-generator/policy.go:315.25,317.3 1 2
github.com/romdj/password-generator/policy.go:319.2,319.26 1 6
github.com/romdj/password-generator/policy.go:319.26,321.3 1 2
github.com/romdj/password-generator/policy.go:323.2,323.27 1 6
github.com/romdj/password-generator/policy.go:323.27,325.3 1 2
github.com/romdj/password-generator/policy.go:328.2,328.29 1 6
github.com/romdj/password-generator/policy.go:328.29,330.3 1 2
github.com/romdj/password-generator/strength.go:21.40,22.11 1 14
github.com/romdj/password-generator/strength.go:23.16,24.21 1 2
github.com/romdj/password-generator/strength.go:25.12,26.16 1 2
github.com/romdj/password-generator/strength.go:27.12,28.16 1 2
github.com/romdj/password-generator/strength.go:29.12,30.16 1 2
github.com/romdj/password-generator/strength.go:31.14,32.18 1 2
github.com/romdj/password-generator/strength.go:33.18,34.23 1 2
github.com/romdj/password-generator/strength.go:35.10,36.19 1 2
github.com/romdj/password-generator/strength.go:40.39,41.11 1 7
github.com/romdj/password-generator/strength.go:42.16,43.20 1 1
github.com/romdj/password-generator/strength.go:44.12,45.20 1 1
github.com/romdj/password-generator/strength.go:46.12,47.20 1 1
github.com/romdj/password-generator/strength.go:48.12,49.20 1 1
github.com/romdj/password-generator/strength.go:50.14,51.20 1 1
github.com/romdj/password-generator/strength.go:52.18,53.20 1 1
github.com/romdj/password-generator/strength.go:54.10,55.19 1 1
github.com/romdj/password-generator/strength.go:67.64,74.16 4 19
github.com/romdj/password-generator/strength.go:74.16,76.3 1 4
github.com/romdj/password-generator/strength.go:76.8,76.24 1 15
github.com/romdj/password-generator/strength.go:76.24,79.3 2 2
github.com/romdj/password-generator/strength.go:79.8,79.24 1 13
github.com/romdj/password-generator/strength.go:79.24,81.3 1 6
github.com/romdj/password-generator/strength.go:81.8,83.3 1 7
github.com/romdj/password-generator/strength.go:86.2,92.14 6 19
github.com/romdj/password-generator/strength.go:92.14,95.3 2 17
github.com/romdj/password-generator/strength.go:95.8,97.3 1 2
github.com/romdj/password-generator/strength.go:99.2,99.14 1 19
github.com/romdj/password-generator/strength.go:99.14,102.3 2 12
github.com/romdj/password-generator/strength.go:102.8,104.3 1 7
github.com/romdj/password-generator/strength.go:106.2,106.14 1 19
github.com/romdj/password-generator/strength.go:106.14,109.3 2 15
github.com/romdj/password-generator/strength.go:109.8,111.3 1 4
github.com/romdj/password-generator/strength.go:113.2,113.15 1 19
github.com/romdj/password-generator/strength.go:113.15,116.3 2 12
github.com/romdj/password-generator/strength.go:116.8,118.3 1 7
github.com/romdj/password-generator/strength.go:121.2,121.23 1 19
github.com/romdj/password-generator/strength.go:121.23,123.3 1 9
github.com/romdj/password-generator/strength.go:126.2,126.32 1 19
github.com/romdj/password-generator/strength.go:126.32,129.3 2 1
github.com/romdj/password-generator/strength.go:131.2,131.34 1 19
github.com/romdj/password-generator/strength.go:131.34,134.3 2 11
github.com/romdj/password-generator/strength.go:136.2,136.33 1 19
github.com/romdj/password-generator/strength.go:136.33,139.3 2 6
github.com/romdj/password-generator/strength.go:142.2,145.19 2 19
github.com/romdj/password-generator/strength.go:145.19,147.3 1 9
github.com/romdj/password-generator/strength.go:147.8,147.26 1 10
github.com/romdj/password-generator/strength.go:147.26,149.3 1 4
github.com/romdj/password-generator/strength.go:149.8,149.25 1 6
github.com/romdj/password-generator/strength.go:149.25,152.3 2 5
github.com/romdj/password-generator/strength.go:155.2,155.15 1 19
github.com/romdj/password-generator/strength.go:155.15,157.3 1 5
github.com/romdj/password-generator/strength.go:158.2,158.17 1 19
github.com/romdj/password-generator/strength.go:158.17,160.3 1 1
github.com/romdj/password-generator/strength.go:163.2,169.39 3 19
github.com/romdj/password-generator/strength.go:169.39,171.3 1 2
github.com/romdj/password-generator/strength.go:173.2,179.3 1 19
github.com/romdj/password-generator/strength.go:182.48,186.55 2 37
github.com/romdj/password-generator/strength.go:186.55,188.3 1 30
github.com/romdj/password-generator/strength.go:189.2,189.55 1 37
github.com/romdj/password-generator/strength.go:189.55,191.3 1 23
github.com/romdj/password-generator/strength.go:192.2,192.55 1 37
github.com/romdj/password-generator/strength.go:192.55,194.3 1 26
github.com/romdj/password-generator/strength.go:195.2,195.62 1 37
github.com/romdj/password-generator/strength.go:195.62,197.3 1 19
github.com/romdj/password-generator/strength.go:199.2,199.20 1 37
github.com/romdj/password-generator/strength.go:199.20,201.3 1 1
github.com/romdj/password-generator/strength.go:204.2,207.32 2 36
github.com/romdj/password-generator/strength.go:207.32,209.3 1 1
github.com/romdj/password-generator/strength.go:210.2,210.34 1 36
github.com/romdj/password-generator/strength.go:210.34,212.3 1 20
github.com/romdj/password-generator/strength.go:213.2,213.33 1 36
github.com/romdj/password-generator/strength.go:213.33,215.3 1 10
github.com/romdj/password-generator/strength.go:217.2,217.16 1 36
github.com/romdj/password-generator/strength.go:220.45,221.39 1 59
github.com/romdj/password-generator/strength.go:221.39,222.69 1 909
github.com/romdj/password-generator/strength.go:222.69,224.4 1 4
github.com/romdj/password-generator/strength.go:226.2,226.14 1 55
github.com/romdj/password-generator/strength.go:229.47,239.32 3 60
github.com/romdj/password-generator/strength.go:239.32,240.36 1 325
github.com/romdj/password-generator/strength.go:240.36,241.43 1 3909
github.com/romdj/password-generator/strength.go:241.43,243.5 1 34
github.com/romdj/password-generator/strength.go:248.2,248.32 1 26
github.com/romdj/password-generator/strength.go:248.32,250.41 2 226
github.com/romdj/password-generator/strength.go:250.41,251.48 1 2424
github.com/romdj/password-generator/strength.go:251.48,253.5 1 1
github.com/romdj/password-generator/strength.go:257.2,257.14 1 25
github.com/romdj/password-generator/strength.go:260.46,268.41 3 59
github.com/romdj/password-generator/strength.go:268.41,269.39 1 691
github.com/romdj/password-generator/strength.go:269.39,271.4 1 14
github.com/romdj/password-generator/strength.go:275.2,280.44 3 45
github.com/romdj/password-generator/strength.go:280.44,282.3 1 270
github.com/romdj/password-generator/strength.go:284.2,284.41 1 45
github.com/romdj/password-generator/strength.go:284.41,285.44 1 605
github.com/romdj/password-generator/strength.go:285.44,287.4 1 5
github.com/romdj/password-generator/strength.go:290.2,290.14 1 40
github.com/romdj/password-generator/strength.go:293.48,294.9 1 31
github.com/romdj/password-generator/strength.go:295.18,296.18 1 8
github.com/romdj/password-generator/strength.go:297.18,298.14 1 2
github.com/romdj/password-generator/strength.go:299.18,300.14 1 4
github.com/romdj/password-generator/strength.go:301.18,302.14 1 9
github.com/romdj/password-generator/strength.go:303.18,304.16 1 4
github.com/romdj/password-generator/strength.go:305.10,306.20 1 4
github.com/romdj/password-generator/strength.go:310.50,321.2 4 19
github.com/romdj/password-generator/strength.go:323.45,324.17 1 28
github.com/romdj/password-generator/strength.go:324.17,326.3 1 6
github.com/romdj/password-generator/strength.go:326.8,326.25 1 22
github.com/romdj/password-generator/strength.go:326.25,328.3 1 2
github.com/romdj/password-generator/strength.go:328.8,328.27 1 20
github.com/romdj/password-generator/strength.go:328.27,330.3 1 1
github.com/romdj/password-generator/strength.go:330.8,330.28 1 19
github.com/romdj/password-generator/strength.go:330.28,332.3 1 1
github.com/romdj/password-generator/strength.go:332.8,332.31 1 18
github.com/romdj/password-generator/strength.go:332.31,334.3 1 4
github.com/romdj/password-generator/strength.go:334.8,334.34 1 14
github.com/romdj/password-generator/strength.go:334.34,336.3 1 2
github.com/romdj/password-generator/strength.go:336.8,336.37 1 12
github.com/romdj/password-generator/strength.go:336.37,338.3 1 2
github.com/romdj/password-generator/strength.go:338.8,338.40 1 10
github.com/romdj/password-generator/strength.go:338.40,340.3 1 6
github.com/romdj/password-generator/strength.go:340.8,342.3 1 4
github.com/romdj/password-generator/strength.go:345.37,347.54 2 226
github.com/romdj/password-generator/strength.go:347.54,349.3 1 1388
github.com/romdj/password-generator/strength.go:350.2,350.22 1 226
